This is pdfTeX, Version 3.14159265-2.6-1.40.21 (TeX Live 2020/W32TeX) (preloaded format=pdflatex 2021.8.13)  17 OCT 2021 16:46
entering extended mode
 restricted \write18 enabled.
 %&-line parsing enabled.
**main
(./main.tex
LaTeX2e <2020-02-02> patch level 5
L3 programming layer <2020-03-06>
(d:/Software/texlive/texmf-dist/tex/latex/beamer/beamer.cls
Document Class: beamer 2019/09/29 v3.57 A class for typesetting presentations
(d:/Software/texlive/texmf-dist/tex/latex/beamer/beamerbasemodes.sty
(d:/Software/texlive/texmf-dist/tex/latex/etoolbox/etoolbox.sty
Package: etoolbox 2019/09/21 v2.5h e-TeX tools for LaTeX (JAW)
\etb@tempcnta=\count167
)
\beamer@tempbox=\box45
\beamer@tempcount=\count168
\c@beamerpauses=\count169

(d:/Software/texlive/texmf-dist/tex/latex/beamer/beamerbasedecode.sty
\beamer@slideinframe=\count170
\beamer@minimum=\count171
\beamer@decode@box=\box46
)
\beamer@commentbox=\box47
\beamer@modecount=\count172
)
(d:/Software/texlive/texmf-dist/tex/generic/iftex/ifpdf.sty
Package: ifpdf 2019/10/25 v3.4 ifpdf legacy package. Use iftex instead.

(d:/Software/texlive/texmf-dist/tex/generic/iftex/iftex.sty
Package: iftex 2020/03/06 v1.0d TeX engine tests
))
\headdp=\dimen134
\footheight=\dimen135
\sidebarheight=\dimen136
\beamer@tempdim=\dimen137
\beamer@finalheight=\dimen138
\beamer@animht=\dimen139
\beamer@animdp=\dimen140
\beamer@animwd=\dimen141
\beamer@leftmargin=\dimen142
\beamer@rightmargin=\dimen143
\beamer@leftsidebar=\dimen144
\beamer@rightsidebar=\dimen145
\beamer@boxsize=\dimen146
\beamer@vboxoffset=\dimen147
\beamer@descdefault=\dimen148
\beamer@descriptionwidth=\dimen149
\beamer@lastskip=\skip47
\beamer@areabox=\box48
\beamer@animcurrent=\box49
\beamer@animshowbox=\box50
\beamer@sectionbox=\box51
\beamer@logobox=\box52
\beamer@linebox=\box53
\beamer@sectioncount=\count173
\beamer@subsubsectionmax=\count174
\beamer@subsectionmax=\count175
\beamer@sectionmax=\count176
\beamer@totalheads=\count177
\beamer@headcounter=\count178
\beamer@partstartpage=\count179
\beamer@sectionstartpage=\count180
\beamer@subsectionstartpage=\count181
\beamer@animationtempa=\count182
\beamer@animationtempb=\count183
\beamer@xpos=\count184
\beamer@ypos=\count185
\beamer@ypos@offset=\count186
\beamer@showpartnumber=\count187
\beamer@currentsubsection=\count188
\beamer@coveringdepth=\count189
\beamer@sectionadjust=\count190
\beamer@tocsectionnumber=\count191

(d:/Software/texlive/texmf-dist/tex/latex/beamer/beamerbaseoptions.sty
(d:/Software/texlive/texmf-dist/tex/latex/graphics/keyval.sty
Package: keyval 2014/10/28 v1.15 key=value parser (DPC)
\KV@toks@=\toks15
))
\beamer@paperwidth=\skip48
\beamer@paperheight=\skip49

(d:/Software/texlive/texmf-dist/tex/latex/geometry/geometry.sty
Package: geometry 2020/01/02 v5.9 Page Geometry

(d:/Software/texlive/texmf-dist/tex/generic/iftex/ifvtex.sty
Package: ifvtex 2019/10/25 v1.7 ifvtex legacy package. Use iftex instead.
)
\Gm@cnth=\count192
\Gm@cntv=\count193
\c@Gm@tempcnt=\count194
\Gm@bindingoffset=\dimen150
\Gm@wd@mp=\dimen151
\Gm@odd@mp=\dimen152
\Gm@even@mp=\dimen153
\Gm@layoutwidth=\dimen154
\Gm@layoutheight=\dimen155
\Gm@layouthoffset=\dimen156
\Gm@layoutvoffset=\dimen157
\Gm@dimlist=\toks16
)
(d:/Software/texlive/texmf-dist/tex/latex/base/size11.clo
File: size11.clo 2019/12/20 v1.4l Standard LaTeX file (size option)
)
(d:/Software/texlive/texmf-dist/tex/latex/pgf/basiclayer/pgfcore.sty
(d:/Software/texlive/texmf-dist/tex/latex/graphics/graphicx.sty
Package: graphicx 2019/11/30 v1.2a Enhanced LaTeX Graphics (DPC,SPQR)

(d:/Software/texlive/texmf-dist/tex/latex/graphics/graphics.sty
Package: graphics 2019/11/30 v1.4a Standard LaTeX Graphics (DPC,SPQR)

(d:/Software/texlive/texmf-dist/tex/latex/graphics/trig.sty
Package: trig 2016/01/03 v1.10 sin cos tan (DPC)
)
(d:/Software/texlive/texmf-dist/tex/latex/graphics-cfg/graphics.cfg
File: graphics.cfg 2016/06/04 v1.11 sample graphics configuration
)
Package graphics Info: Driver file: pdftex.def on input line 105.

(d:/Software/texlive/texmf-dist/tex/latex/graphics-def/pdftex.def
File: pdftex.def 2018/01/08 v1.0l Graphics/color driver for pdftex
))
\Gin@req@height=\dimen158
\Gin@req@width=\dimen159
)
(d:/Software/texlive/texmf-dist/tex/latex/pgf/systemlayer/pgfsys.sty
(d:/Software/texlive/texmf-dist/tex/latex/pgf/utilities/pgfrcs.sty
(d:/Software/texlive/texmf-dist/tex/generic/pgf/utilities/pgfutil-common.tex
\pgfutil@everybye=\toks17
\pgfutil@tempdima=\dimen160
\pgfutil@tempdimb=\dimen161

(d:/Software/texlive/texmf-dist/tex/generic/pgf/utilities/pgfutil-common-lists.
tex))
(d:/Software/texlive/texmf-dist/tex/generic/pgf/utilities/pgfutil-latex.def
\pgfutil@abb=\box54

(d:/Software/texlive/texmf-dist/tex/latex/ms/everyshi.sty
Package: everyshi 2001/05/15 v3.00 EveryShipout Package (MS)
))
(d:/Software/texlive/texmf-dist/tex/generic/pgf/utilities/pgfrcs.code.tex
(d:/Software/texlive/texmf-dist/tex/generic/pgf/pgf.revision.tex)
Package: pgfrcs 2020/01/08 v3.1.5b (3.1.5b)
))
(d:/Software/texlive/texmf-dist/tex/generic/pgf/systemlayer/pgfsys.code.tex
Package: pgfsys 2020/01/08 v3.1.5b (3.1.5b)

(d:/Software/texlive/texmf-dist/tex/generic/pgf/utilities/pgfkeys.code.tex
\pgfkeys@pathtoks=\toks18
\pgfkeys@temptoks=\toks19

(d:/Software/texlive/texmf-dist/tex/generic/pgf/utilities/pgfkeysfiltered.code.
tex
\pgfkeys@tmptoks=\toks20
))
\pgf@x=\dimen162
\pgf@y=\dimen163
\pgf@xa=\dimen164
\pgf@ya=\dimen165
\pgf@xb=\dimen166
\pgf@yb=\dimen167
\pgf@xc=\dimen168
\pgf@yc=\dimen169
\pgf@xd=\dimen170
\pgf@yd=\dimen171
\w@pgf@writea=\write3
\r@pgf@reada=\read2
\c@pgf@counta=\count195
\c@pgf@countb=\count196
\c@pgf@countc=\count197
\c@pgf@countd=\count198
\t@pgf@toka=\toks21
\t@pgf@tokb=\toks22
\t@pgf@tokc=\toks23
\pgf@sys@id@count=\count199
 (d:/Software/texlive/texmf-dist/tex/generic/pgf/systemlayer/pgf.cfg
File: pgf.cfg 2020/01/08 v3.1.5b (3.1.5b)
)
Driver file for pgf: pgfsys-pdftex.def

(d:/Software/texlive/texmf-dist/tex/generic/pgf/systemlayer/pgfsys-pdftex.def
File: pgfsys-pdftex.def 2020/01/08 v3.1.5b (3.1.5b)

(d:/Software/texlive/texmf-dist/tex/generic/pgf/systemlayer/pgfsys-common-pdf.d
ef
File: pgfsys-common-pdf.def 2020/01/08 v3.1.5b (3.1.5b)
)))
(d:/Software/texlive/texmf-dist/tex/generic/pgf/systemlayer/pgfsyssoftpath.code
.tex
File: pgfsyssoftpath.code.tex 2020/01/08 v3.1.5b (3.1.5b)
\pgfsyssoftpath@smallbuffer@items=\count266
\pgfsyssoftpath@bigbuffer@items=\count267
)
(d:/Software/texlive/texmf-dist/tex/generic/pgf/systemlayer/pgfsysprotocol.code
.tex
File: pgfsysprotocol.code.tex 2020/01/08 v3.1.5b (3.1.5b)
)) (d:/Software/texlive/texmf-dist/tex/latex/xcolor/xcolor.sty
Package: xcolor 2016/05/11 v2.12 LaTeX color extensions (UK)

(d:/Software/texlive/texmf-dist/tex/latex/graphics-cfg/color.cfg
File: color.cfg 2016/01/02 v1.6 sample color configuration
)
Package xcolor Info: Driver file: pdftex.def on input line 225.
Package xcolor Info: Model `cmy' substituted by `cmy0' on input line 1348.
Package xcolor Info: Model `hsb' substituted by `rgb' on input line 1352.
Package xcolor Info: Model `RGB' extended on input line 1364.
Package xcolor Info: Model `HTML' substituted by `rgb' on input line 1366.
Package xcolor Info: Model `Hsb' substituted by `hsb' on input line 1367.
Package xcolor Info: Model `tHsb' substituted by `hsb' on input line 1368.
Package xcolor Info: Model `HSB' substituted by `hsb' on input line 1369.
Package xcolor Info: Model `Gray' substituted by `gray' on input line 1370.
Package xcolor Info: Model `wave' substituted by `hsb' on input line 1371.
)
(d:/Software/texlive/texmf-dist/tex/generic/pgf/basiclayer/pgfcore.code.tex
Package: pgfcore 2020/01/08 v3.1.5b (3.1.5b)

(d:/Software/texlive/texmf-dist/tex/generic/pgf/math/pgfmath.code.tex
(d:/Software/texlive/texmf-dist/tex/generic/pgf/math/pgfmathcalc.code.tex
(d:/Software/texlive/texmf-dist/tex/generic/pgf/math/pgfmathutil.code.tex)
(d:/Software/texlive/texmf-dist/tex/generic/pgf/math/pgfmathparser.code.tex
\pgfmath@dimen=\dimen172
\pgfmath@count=\count268
\pgfmath@box=\box55
\pgfmath@toks=\toks24
\pgfmath@stack@operand=\toks25
\pgfmath@stack@operation=\toks26
)
(d:/Software/texlive/texmf-dist/tex/generic/pgf/math/pgfmathfunctions.code.tex
(d:/Software/texlive/texmf-dist/tex/generic/pgf/math/pgfmathfunctions.basic.cod
e.tex)
(d:/Software/texlive/texmf-dist/tex/generic/pgf/math/pgfmathfunctions.trigonome
tric.code.tex)
(d:/Software/texlive/texmf-dist/tex/generic/pgf/math/pgfmathfunctions.random.co
de.tex)
(d:/Software/texlive/texmf-dist/tex/generic/pgf/math/pgfmathfunctions.compariso
n.code.tex)
(d:/Software/texlive/texmf-dist/tex/generic/pgf/math/pgfmathfunctions.base.code
.tex)
(d:/Software/texlive/texmf-dist/tex/generic/pgf/math/pgfmathfunctions.round.cod
e.tex)
(d:/Software/texlive/texmf-dist/tex/generic/pgf/math/pgfmathfunctions.misc.code
.tex)
(d:/Software/texlive/texmf-dist/tex/generic/pgf/math/pgfmathfunctions.integerar
ithmetics.code.tex)))
(d:/Software/texlive/texmf-dist/tex/generic/pgf/math/pgfmathfloat.code.tex
\c@pgfmathroundto@lastzeros=\count269
))
(d:/Software/texlive/texmf-dist/tex/generic/pgf/math/pgfint.code.tex)
(d:/Software/texlive/texmf-dist/tex/generic/pgf/basiclayer/pgfcorepoints.code.t
ex
File: pgfcorepoints.code.tex 2020/01/08 v3.1.5b (3.1.5b)
\pgf@picminx=\dimen173
\pgf@picmaxx=\dimen174
\pgf@picminy=\dimen175
\pgf@picmaxy=\dimen176
\pgf@pathminx=\dimen177
\pgf@pathmaxx=\dimen178
\pgf@pathminy=\dimen179
\pgf@pathmaxy=\dimen180
\pgf@xx=\dimen181
\pgf@xy=\dimen182
\pgf@yx=\dimen183
\pgf@yy=\dimen184
\pgf@zx=\dimen185
\pgf@zy=\dimen186
)
(d:/Software/texlive/texmf-dist/tex/generic/pgf/basiclayer/pgfcorepathconstruct
.code.tex
File: pgfcorepathconstruct.code.tex 2020/01/08 v3.1.5b (3.1.5b)
\pgf@path@lastx=\dimen187
\pgf@path@lasty=\dimen188
)
(d:/Software/texlive/texmf-dist/tex/generic/pgf/basiclayer/pgfcorepathusage.cod
e.tex
File: pgfcorepathusage.code.tex 2020/01/08 v3.1.5b (3.1.5b)
\pgf@shorten@end@additional=\dimen189
\pgf@shorten@start@additional=\dimen190
)
(d:/Software/texlive/texmf-dist/tex/generic/pgf/basiclayer/pgfcorescopes.code.t
ex
File: pgfcorescopes.code.tex 2020/01/08 v3.1.5b (3.1.5b)
\pgfpic=\box56
\pgf@hbox=\box57
\pgf@layerbox@main=\box58
\pgf@picture@serial@count=\count270
)
(d:/Software/texlive/texmf-dist/tex/generic/pgf/basiclayer/pgfcoregraphicstate.
code.tex
File: pgfcoregraphicstate.code.tex 2020/01/08 v3.1.5b (3.1.5b)
\pgflinewidth=\dimen191
)
(d:/Software/texlive/texmf-dist/tex/generic/pgf/basiclayer/pgfcoretransformatio
ns.code.tex
File: pgfcoretransformations.code.tex 2020/01/08 v3.1.5b (3.1.5b)
\pgf@pt@x=\dimen192
\pgf@pt@y=\dimen193
\pgf@pt@temp=\dimen194
)
(d:/Software/texlive/texmf-dist/tex/generic/pgf/basiclayer/pgfcorequick.code.te
x
File: pgfcorequick.code.tex 2020/01/08 v3.1.5b (3.1.5b)
)
(d:/Software/texlive/texmf-dist/tex/generic/pgf/basiclayer/pgfcoreobjects.code.
tex
File: pgfcoreobjects.code.tex 2020/01/08 v3.1.5b (3.1.5b)
)
(d:/Software/texlive/texmf-dist/tex/generic/pgf/basiclayer/pgfcorepathprocessin
g.code.tex
File: pgfcorepathprocessing.code.tex 2020/01/08 v3.1.5b (3.1.5b)
)
(d:/Software/texlive/texmf-dist/tex/generic/pgf/basiclayer/pgfcorearrows.code.t
ex
File: pgfcorearrows.code.tex 2020/01/08 v3.1.5b (3.1.5b)
\pgfarrowsep=\dimen195
)
(d:/Software/texlive/texmf-dist/tex/generic/pgf/basiclayer/pgfcoreshade.code.te
x
File: pgfcoreshade.code.tex 2020/01/08 v3.1.5b (3.1.5b)
\pgf@max=\dimen196
\pgf@sys@shading@range@num=\count271
\pgf@shadingcount=\count272
)
(d:/Software/texlive/texmf-dist/tex/generic/pgf/basiclayer/pgfcoreimage.code.te
x
File: pgfcoreimage.code.tex 2020/01/08 v3.1.5b (3.1.5b)

(d:/Software/texlive/texmf-dist/tex/generic/pgf/basiclayer/pgfcoreexternal.code
.tex
File: pgfcoreexternal.code.tex 2020/01/08 v3.1.5b (3.1.5b)
\pgfexternal@startupbox=\box59
))
(d:/Software/texlive/texmf-dist/tex/generic/pgf/basiclayer/pgfcorelayers.code.t
ex
File: pgfcorelayers.code.tex 2020/01/08 v3.1.5b (3.1.5b)
)
(d:/Software/texlive/texmf-dist/tex/generic/pgf/basiclayer/pgfcoretransparency.
code.tex
File: pgfcoretransparency.code.tex 2020/01/08 v3.1.5b (3.1.5b)
)
(d:/Software/texlive/texmf-dist/tex/generic/pgf/basiclayer/pgfcorepatterns.code
.tex
File: pgfcorepatterns.code.tex 2020/01/08 v3.1.5b (3.1.5b)
)
(d:/Software/texlive/texmf-dist/tex/generic/pgf/basiclayer/pgfcorerdf.code.tex
File: pgfcorerdf.code.tex 2020/01/08 v3.1.5b (3.1.5b)
))) (d:/Software/texlive/texmf-dist/tex/latex/pgf/utilities/xxcolor.sty
Package: xxcolor 2003/10/24 ver 0.1
\XC@nummixins=\count273
\XC@countmixins=\count274
)
(d:/Software/texlive/texmf-dist/tex/generic/atbegshi/atbegshi.sty
Package: atbegshi 2019/12/05 v1.19 At begin shipout hook (HO)

(d:/Software/texlive/texmf-dist/tex/generic/infwarerr/infwarerr.sty
Package: infwarerr 2019/12/03 v1.5 Providing info/warning/error messages (HO)
)
(d:/Software/texlive/texmf-dist/tex/generic/ltxcmds/ltxcmds.sty
Package: ltxcmds 2019/12/15 v1.24 LaTeX kernel commands for general use (HO)
))
(d:/Software/texlive/texmf-dist/tex/latex/hyperref/hyperref.sty
Package: hyperref 2020/01/14 v7.00d Hypertext links for LaTeX

(d:/Software/texlive/texmf-dist/tex/latex/pdftexcmds/pdftexcmds.sty
Package: pdftexcmds 2019/11/24 v0.31 Utility functions of pdfTeX for LuaTeX (HO
)
Package pdftexcmds Info: \pdf@primitive is available.
Package pdftexcmds Info: \pdf@ifprimitive is available.
Package pdftexcmds Info: \pdfdraftmode found.
)
(d:/Software/texlive/texmf-dist/tex/generic/kvsetkeys/kvsetkeys.sty
Package: kvsetkeys 2019/12/15 v1.18 Key value parser (HO)
)
(d:/Software/texlive/texmf-dist/tex/generic/kvdefinekeys/kvdefinekeys.sty
Package: kvdefinekeys 2019-12-19 v1.6 Define keys (HO)
)
(d:/Software/texlive/texmf-dist/tex/generic/pdfescape/pdfescape.sty
Package: pdfescape 2019/12/09 v1.15 Implements pdfTeX's escape features (HO)
)
(d:/Software/texlive/texmf-dist/tex/latex/hycolor/hycolor.sty
Package: hycolor 2020-01-27 v1.10 Color options for hyperref/bookmark (HO)
)
(d:/Software/texlive/texmf-dist/tex/latex/letltxmacro/letltxmacro.sty
Package: letltxmacro 2019/12/03 v1.6 Let assignment for LaTeX macros (HO)
)
(d:/Software/texlive/texmf-dist/tex/latex/auxhook/auxhook.sty
Package: auxhook 2019-12-17 v1.6 Hooks for auxiliary files (HO)
)
(d:/Software/texlive/texmf-dist/tex/latex/kvoptions/kvoptions.sty
Package: kvoptions 2019/11/29 v3.13 Key value format for package options (HO)
)
\@linkdim=\dimen197
\Hy@linkcounter=\count275
\Hy@pagecounter=\count276

(d:/Software/texlive/texmf-dist/tex/latex/hyperref/pd1enc.def
File: pd1enc.def 2020/01/14 v7.00d Hyperref: PDFDocEncoding definition (HO)
Now handling font encoding PD1 ...
... no UTF-8 mapping file for font encoding PD1
)
(d:/Software/texlive/texmf-dist/tex/generic/intcalc/intcalc.sty
Package: intcalc 2019/12/15 v1.3 Expandable calculations with integers (HO)
)
(d:/Software/texlive/texmf-dist/tex/generic/etexcmds/etexcmds.sty
Package: etexcmds 2019/12/15 v1.7 Avoid name clashes with e-TeX commands (HO)
)
\Hy@SavedSpaceFactor=\count277
Package hyperref Info: Option `bookmarks' set `true' on input line 4421.
Package hyperref Info: Option `bookmarksopen' set `true' on input line 4421.
Package hyperref Info: Option `implicit' set `false' on input line 4421.
Package hyperref Info: Hyper figures OFF on input line 4547.
Package hyperref Info: Link nesting OFF on input line 4552.
Package hyperref Info: Hyper index ON on input line 4555.
Package hyperref Info: Plain pages OFF on input line 4562.
Package hyperref Info: Backreferencing OFF on input line 4567.
Package hyperref Info: Implicit mode OFF; no redefinition of LaTeX internals.
Package hyperref Info: Bookmarks ON on input line 4800.
\c@Hy@tempcnt=\count278

(d:/Software/texlive/texmf-dist/tex/latex/url/url.sty
\Urlmuskip=\muskip16
Package: url 2013/09/16  ver 3.4  Verb mode for urls, etc.
)
LaTeX Info: Redefining \url on input line 5159.
\XeTeXLinkMargin=\dimen198

(d:/Software/texlive/texmf-dist/tex/generic/bitset/bitset.sty
Package: bitset 2019/12/09 v1.3 Handle bit-vector datatype (HO)

(d:/Software/texlive/texmf-dist/tex/generic/bigintcalc/bigintcalc.sty
Package: bigintcalc 2019/12/15 v1.5 Expandable calculations on big integers (HO
)
))
\Fld@menulength=\count279
\Field@Width=\dimen199
\Fld@charsize=\dimen256
Package hyperref Info: Hyper figures OFF on input line 6430.
Package hyperref Info: Link nesting OFF on input line 6435.
Package hyperref Info: Hyper index ON on input line 6438.
Package hyperref Info: backreferencing OFF on input line 6445.
Package hyperref Info: Link coloring OFF on input line 6450.
Package hyperref Info: Link coloring with OCG OFF on input line 6455.
Package hyperref Info: PDF/A mode OFF on input line 6460.
LaTeX Info: Redefining \ref on input line 6500.
LaTeX Info: Redefining \pageref on input line 6504.
\Hy@abspage=\count280


Package hyperref Message: Stopped early.

)
Package hyperref Info: Driver (autodetected): hpdftex.
 (d:/Software/texlive/texmf-dist/tex/latex/hyperref/hpdftex.def
File: hpdftex.def 2020/01/14 v7.00d Hyperref driver for pdfTeX

(d:/Software/texlive/texmf-dist/tex/latex/atveryend/atveryend.sty
Package: atveryend 2019-12-11 v1.11 Hooks at the very end of document (HO)
)
\Fld@listcount=\count281
\c@bookmark@seq@number=\count282

(d:/Software/texlive/texmf-dist/tex/latex/rerunfilecheck/rerunfilecheck.sty
Package: rerunfilecheck 2019/12/05 v1.9 Rerun checks for auxiliary files (HO)

(d:/Software/texlive/texmf-dist/tex/generic/uniquecounter/uniquecounter.sty
Package: uniquecounter 2019/12/15 v1.4 Provide unlimited unique counter (HO)
)
Package uniquecounter Info: New unique counter `rerunfilecheck' on input line 2
86.
))
(d:/Software/texlive/texmf-dist/tex/latex/beamer/beamerbaserequires.sty
(d:/Software/texlive/texmf-dist/tex/latex/beamer/beamerbasecompatibility.sty)
(d:/Software/texlive/texmf-dist/tex/latex/beamer/beamerbasefont.sty
(d:/Software/texlive/texmf-dist/tex/latex/amsfonts/amssymb.sty
Package: amssymb 2013/01/14 v3.01 AMS font symbols

(d:/Software/texlive/texmf-dist/tex/latex/amsfonts/amsfonts.sty
Package: amsfonts 2013/01/14 v3.01 Basic AMSFonts support
\@emptytoks=\toks27
\symAMSa=\mathgroup4
\symAMSb=\mathgroup5
LaTeX Font Info:    Redeclaring math symbol \hbar on input line 98.
LaTeX Font Info:    Overwriting math alphabet `\mathfrak' in version `bold'
(Font)                  U/euf/m/n --> U/euf/b/n on input line 106.
))
(d:/Software/texlive/texmf-dist/tex/latex/sansmathaccent/sansmathaccent.sty
Package: sansmathaccent 2020/01/31

(d:/Software/texlive/texmf-dist/tex/latex/koma-script/scrlfile.sty
Package: scrlfile 2020/01/24 v3.29 KOMA-Script package (loading files)
)))
(d:/Software/texlive/texmf-dist/tex/latex/beamer/beamerbasetranslator.sty
(d:/Software/texlive/texmf-dist/tex/latex/translator/translator.sty
Package: translator 2019-05-31 v1.12a Easy translation of strings in LaTeX
))
(d:/Software/texlive/texmf-dist/tex/latex/beamer/beamerbasemisc.sty)
(d:/Software/texlive/texmf-dist/tex/latex/beamer/beamerbasetwoscreens.sty)
(d:/Software/texlive/texmf-dist/tex/latex/beamer/beamerbaseoverlay.sty
\beamer@argscount=\count283
\beamer@lastskipcover=\skip50
\beamer@trivlistdepth=\count284
)
(d:/Software/texlive/texmf-dist/tex/latex/beamer/beamerbasetitle.sty)
(d:/Software/texlive/texmf-dist/tex/latex/beamer/beamerbasesection.sty
\c@lecture=\count285
\c@part=\count286
\c@section=\count287
\c@subsection=\count288
\c@subsubsection=\count289
)
(d:/Software/texlive/texmf-dist/tex/latex/beamer/beamerbaseframe.sty
\beamer@framebox=\box60
\beamer@frametitlebox=\box61
\beamer@zoombox=\box62
\beamer@zoomcount=\count290
\beamer@zoomframecount=\count291
\beamer@frametextheight=\dimen257
\c@subsectionslide=\count292
\beamer@frametopskip=\skip51
\beamer@framebottomskip=\skip52
\beamer@frametopskipautobreak=\skip53
\beamer@framebottomskipautobreak=\skip54
\beamer@envbody=\toks28
\framewidth=\dimen258
\c@framenumber=\count293
)
(d:/Software/texlive/texmf-dist/tex/latex/beamer/beamerbaseverbatim.sty
\beamer@verbatimfileout=\write4
)
(d:/Software/texlive/texmf-dist/tex/latex/beamer/beamerbaseframesize.sty
\beamer@splitbox=\box63
\beamer@autobreakcount=\count294
\beamer@autobreaklastheight=\dimen259
\beamer@frametitletoks=\toks29
\beamer@framesubtitletoks=\toks30
)
(d:/Software/texlive/texmf-dist/tex/latex/beamer/beamerbaseframecomponents.sty
\beamer@footins=\box64
) (d:/Software/texlive/texmf-dist/tex/latex/beamer/beamerbasecolor.sty)
(d:/Software/texlive/texmf-dist/tex/latex/beamer/beamerbasenotes.sty
\beamer@frameboxcopy=\box65
)
(d:/Software/texlive/texmf-dist/tex/latex/beamer/beamerbasetoc.sty)
(d:/Software/texlive/texmf-dist/tex/latex/beamer/beamerbasetemplates.sty
\beamer@sbttoks=\toks31

(d:/Software/texlive/texmf-dist/tex/latex/beamer/beamerbaseauxtemplates.sty
(d:/Software/texlive/texmf-dist/tex/latex/beamer/beamerbaseboxes.sty
\bmb@box=\box66
\bmb@colorbox=\box67
\bmb@boxshadow=\box68
\bmb@boxshadowball=\box69
\bmb@boxshadowballlarge=\box70
\bmb@temp=\dimen260
\bmb@dima=\dimen261
\bmb@dimb=\dimen262
\bmb@prevheight=\dimen263
)
\beamer@blockheadheight=\dimen264
))
(d:/Software/texlive/texmf-dist/tex/latex/beamer/beamerbaselocalstructure.sty
(d:/Software/texlive/texmf-dist/tex/latex/tools/enumerate.sty
Package: enumerate 2015/07/23 v3.00 enumerate extensions (DPC)
\@enLab=\toks32
)
\c@figure=\count295
\c@table=\count296
\abovecaptionskip=\skip55
\belowcaptionskip=\skip56
)
(d:/Software/texlive/texmf-dist/tex/latex/beamer/beamerbasenavigation.sty
\beamer@section@min@dim=\dimen265
)
(d:/Software/texlive/texmf-dist/tex/latex/beamer/beamerbasetheorems.sty
(d:/Software/texlive/texmf-dist/tex/latex/amsmath/amsmath.sty
Package: amsmath 2020/01/20 v2.17e AMS math features
\@mathmargin=\skip57

For additional information on amsmath, use the `?' option.
(d:/Software/texlive/texmf-dist/tex/latex/amsmath/amstext.sty
Package: amstext 2000/06/29 v2.01 AMS text

(d:/Software/texlive/texmf-dist/tex/latex/amsmath/amsgen.sty
File: amsgen.sty 1999/11/30 v2.0 generic functions
\@emptytoks=\toks33
\ex@=\dimen266
))
(d:/Software/texlive/texmf-dist/tex/latex/amsmath/amsbsy.sty
Package: amsbsy 1999/11/29 v1.2d Bold Symbols
\pmbraise@=\dimen267
)
(d:/Software/texlive/texmf-dist/tex/latex/amsmath/amsopn.sty
Package: amsopn 2016/03/08 v2.02 operator names
)
\inf@bad=\count297
LaTeX Info: Redefining \frac on input line 227.
\uproot@=\count298
\leftroot@=\count299
LaTeX Info: Redefining \overline on input line 389.
\classnum@=\count300
\DOTSCASE@=\count301
LaTeX Info: Redefining \ldots on input line 486.
LaTeX Info: Redefining \dots on input line 489.
LaTeX Info: Redefining \cdots on input line 610.
\Mathstrutbox@=\box71
\strutbox@=\box72
\big@size=\dimen268
LaTeX Font Info:    Redeclaring font encoding OML on input line 733.
LaTeX Font Info:    Redeclaring font encoding OMS on input line 734.
\macc@depth=\count302
\c@MaxMatrixCols=\count303
\dotsspace@=\muskip17
\c@parentequation=\count304
\dspbrk@lvl=\count305
\tag@help=\toks34
\row@=\count306
\column@=\count307
\maxfields@=\count308
\andhelp@=\toks35
\eqnshift@=\dimen269
\alignsep@=\dimen270
\tagshift@=\dimen271
\tagwidth@=\dimen272
\totwidth@=\dimen273
\lineht@=\dimen274
\@envbody=\toks36
\multlinegap=\skip58
\multlinetaggap=\skip59
\mathdisplay@stack=\toks37
LaTeX Info: Redefining \[ on input line 2859.
LaTeX Info: Redefining \] on input line 2860.
)
(d:/Software/texlive/texmf-dist/tex/latex/amscls/amsthm.sty
Package: amsthm 2017/10/31 v2.20.4
\thm@style=\toks38
\thm@bodyfont=\toks39
\thm@headfont=\toks40
\thm@notefont=\toks41
\thm@headpunct=\toks42
\thm@preskip=\skip60
\thm@postskip=\skip61
\thm@headsep=\skip62
\dth@everypar=\toks43
)
\c@theorem=\count309
)
(d:/Software/texlive/texmf-dist/tex/latex/beamer/beamerbasethemes.sty))
(d:/Software/texlive/texmf-dist/tex/latex/beamer/beamerthemedefault.sty
(d:/Software/texlive/texmf-dist/tex/latex/beamer/beamerfontthemedefault.sty)
(d:/Software/texlive/texmf-dist/tex/latex/beamer/beamercolorthemedefault.sty)
(d:/Software/texlive/texmf-dist/tex/latex/beamer/beamerinnerthemedefault.sty
\beamer@dima=\dimen275
\beamer@dimb=\dimen276
)
(d:/Software/texlive/texmf-dist/tex/latex/beamer/beamerouterthemedefault.sty)))
(d:/Software/texlive/texmf-dist/tex/latex/beamer/beamerthemeBoadilla.sty
(d:/Software/texlive/texmf-dist/tex/latex/beamer/beamercolorthemerose.sty)
(d:/Software/texlive/texmf-dist/tex/latex/beamer/beamerinnerthemerounded.sty)
(d:/Software/texlive/texmf-dist/tex/latex/beamer/beamercolorthemedolphin.sty)
(d:/Software/texlive/texmf-dist/tex/latex/beamer/beamerouterthemeinfolines.sty)
) (d:/Software/texlive/texmf-dist/tex/latex/biblatex/biblatex.sty
Package: biblatex 2019/12/01 v3.14 programmable bibliographies (PK/MW)

(d:/Software/texlive/texmf-dist/tex/latex/logreq/logreq.sty
Package: logreq 2010/08/04 v1.0 xml request logger
\lrq@indent=\count310

(d:/Software/texlive/texmf-dist/tex/latex/logreq/logreq.def
File: logreq.def 2010/08/04 v1.0 logreq spec v1.0
))
(d:/Software/texlive/texmf-dist/tex/latex/base/ifthen.sty
Package: ifthen 2014/09/29 v1.1c Standard LaTeX ifthen package (DPC)
)
\c@tabx@nest=\count311
\c@listtotal=\count312
\c@listcount=\count313
\c@liststart=\count314
\c@liststop=\count315
\c@citecount=\count316
\c@citetotal=\count317
\c@multicitecount=\count318
\c@multicitetotal=\count319
\c@instcount=\count320
\c@maxnames=\count321
\c@minnames=\count322
\c@maxitems=\count323
\c@minitems=\count324
\c@citecounter=\count325
\c@maxcitecounter=\count326
\c@savedcitecounter=\count327
\c@uniquelist=\count328
\c@uniquename=\count329
\c@refsection=\count330
\c@refsegment=\count331
\c@maxextratitle=\count332
\c@maxextratitleyear=\count333
\c@maxextraname=\count334
\c@maxextradate=\count335
\c@maxextraalpha=\count336
\c@abbrvpenalty=\count337
\c@highnamepenalty=\count338
\c@lownamepenalty=\count339
\c@maxparens=\count340
\c@parenlevel=\count341
\blx@tempcnta=\count342
\blx@tempcntb=\count343
\blx@tempcntc=\count344
\blx@maxsection=\count345
\blx@maxsegment@0=\count346
\blx@notetype=\count347
\blx@parenlevel@text=\count348
\blx@parenlevel@foot=\count349
\blx@sectionciteorder@0=\count350
\blx@entrysetcounter=\count351
\labelnumberwidth=\skip63
\labelalphawidth=\skip64
\biblabelsep=\skip65
\bibitemsep=\skip66
\bibnamesep=\skip67
\bibinitsep=\skip68
\bibparsep=\skip69
\bibhang=\skip70
\blx@bcfin=\read3
\blx@bcfout=\write5
\blx@langwohyphens=\language86
\c@mincomprange=\count352
\c@maxcomprange=\count353
\c@mincompwidth=\count354
Package biblatex Info: Trying to load biblatex default data model...
Package biblatex Info: ... file 'blx-dm.def' found.

(d:/Software/texlive/texmf-dist/tex/latex/biblatex/blx-dm.def
File: blx-dm.def 2019/12/01 v3.14 biblatex localization (PK/MW)
)
Package biblatex Info: Trying to load biblatex custom data model...
Package biblatex Info: ... file 'biblatex-dm.cfg' not found.
\c@afterword=\count355
\c@savedafterword=\count356
\c@annotator=\count357
\c@savedannotator=\count358
\c@author=\count359
\c@savedauthor=\count360
\c@bookauthor=\count361
\c@savedbookauthor=\count362
\c@commentator=\count363
\c@savedcommentator=\count364
\c@editor=\count365
\c@savededitor=\count366
\c@editora=\count367
\c@savededitora=\count368
\c@editorb=\count369
\c@savededitorb=\count370
\c@editorc=\count371
\c@savededitorc=\count372
\c@foreword=\count373
\c@savedforeword=\count374
\c@holder=\count375
\c@savedholder=\count376
\c@introduction=\count377
\c@savedintroduction=\count378
\c@namea=\count379
\c@savednamea=\count380
\c@nameb=\count381
\c@savednameb=\count382
\c@namec=\count383
\c@savednamec=\count384
\c@translator=\count385
\c@savedtranslator=\count386
\c@shortauthor=\count387
\c@savedshortauthor=\count388
\c@shorteditor=\count389
\c@savedshorteditor=\count390
\c@labelname=\count391
\c@savedlabelname=\count392
\c@institution=\count393
\c@savedinstitution=\count394
\c@lista=\count395
\c@savedlista=\count396
\c@listb=\count397
\c@savedlistb=\count398
\c@listc=\count399
\c@savedlistc=\count400
\c@listd=\count401
\c@savedlistd=\count402
\c@liste=\count403
\c@savedliste=\count404
\c@listf=\count405
\c@savedlistf=\count406
\c@location=\count407
\c@savedlocation=\count408
\c@organization=\count409
\c@savedorganization=\count410
\c@origlocation=\count411
\c@savedoriglocation=\count412
\c@origpublisher=\count413
\c@savedorigpublisher=\count414
\c@publisher=\count415
\c@savedpublisher=\count416
\c@language=\count417
\c@savedlanguage=\count418
\c@origlanguage=\count419
\c@savedoriglanguage=\count420
\c@pageref=\count421
\c@savedpageref=\count422
\shorthandwidth=\skip71
\shortjournalwidth=\skip72
\shortserieswidth=\skip73
\shorttitlewidth=\skip74
\shortauthorwidth=\skip75
\shorteditorwidth=\skip76
\locallabelnumberwidth=\skip77
\locallabelalphawidth=\skip78
\localshorthandwidth=\skip79
\localshortjournalwidth=\skip80
\localshortserieswidth=\skip81
\localshorttitlewidth=\skip82
\localshortauthorwidth=\skip83
\localshorteditorwidth=\skip84
Package biblatex Info: Trying to load compatibility code...
Package biblatex Info: ... file 'blx-compat.def' found.

(d:/Software/texlive/texmf-dist/tex/latex/biblatex/blx-compat.def
File: blx-compat.def 2019/12/01 v3.14 biblatex compatibility (PK/MW)
)
Package biblatex Info: Trying to load BibTeX backend compatibility...
Package biblatex Info: ... file 'blx-bibtex.def' found.

(d:/Software/texlive/texmf-dist/tex/latex/biblatex/blx-bibtex.def
File: blx-bibtex.def 2019/12/01 v3.14 biblatex compatibility (PK/MW)


Package biblatex Warning: Using fall-back BibTeX(8) backend:
(biblatex)                functionality may be reduced/unavailable.

)
Package biblatex Info: Trying to load generic definitions...
Package biblatex Info: ... file 'biblatex.def' found.
 (d:/Software/texlive/texmf-dist/tex/latex/biblatex/biblatex.def
File: biblatex.def 2019/12/01 v3.14 biblatex compatibility (PK/MW)
\c@textcitecount=\count423
\c@textcitetotal=\count424
\c@textcitemaxnames=\count425
\c@biburlbigbreakpenalty=\count426
\c@biburlbreakpenalty=\count427
\c@biburlnumpenalty=\count428
\c@biburlucpenalty=\count429
\c@biburllcpenalty=\count430
\biburlbigskip=\muskip18
\biburlnumskip=\muskip19
\biburlucskip=\muskip20
\biburllcskip=\muskip21
\c@smartand=\count431
)
Package biblatex Info: Trying to load bibliography style 'numeric'...
Package biblatex Info: ... file 'numeric.bbx' found.

(d:/Software/texlive/texmf-dist/tex/latex/biblatex/bbx/numeric.bbx
File: numeric.bbx 2019/12/01 v3.14 biblatex bibliography style (PK/MW)
Package biblatex Info: Trying to load bibliography style 'standard'...
Package biblatex Info: ... file 'standard.bbx' found.

(d:/Software/texlive/texmf-dist/tex/latex/biblatex/bbx/standard.bbx
File: standard.bbx 2019/12/01 v3.14 biblatex bibliography style (PK/MW)
\c@bbx:relatedcount=\count432
\c@bbx:relatedtotal=\count433
))
Package biblatex Info: Trying to load citation style 'numeric'...
Package biblatex Info: ... file 'numeric.cbx' found.

(d:/Software/texlive/texmf-dist/tex/latex/biblatex/cbx/numeric.cbx
File: numeric.cbx 2019/12/01 v3.14 biblatex citation style (PK/MW)
Package biblatex Info: Redefining '\cite'.
Package biblatex Info: Redefining '\parencite'.
Package biblatex Info: Redefining '\footcite'.
Package biblatex Info: Redefining '\footcitetext'.
Package biblatex Info: Redefining '\smartcite'.
Package biblatex Info: Redefining '\supercite'.
Package biblatex Info: Redefining '\textcite'.
Package biblatex Info: Redefining '\textcites'.
Package biblatex Info: Redefining '\cites'.
Package biblatex Info: Redefining '\parencites'.
Package biblatex Info: Redefining '\smartcites'.
)
Package biblatex Info: Trying to load configuration file...
Package biblatex Info: ... file 'biblatex.cfg' found.

(d:/Software/texlive/texmf-dist/tex/latex/biblatex/biblatex.cfg
File: biblatex.cfg 
))
\@quotelevel=\count434
\@quotereset=\count435

(d:/Software/texlive/texmf-dist/tex/latex/l3backend/l3backend-pdfmode.def
File: l3backend-pdfmode.def 2020-03-12 L3 backend support: PDF mode
\l__kernel_color_stack_int=\count436
\l__pdf_internal_box=\box73
)
(./main.aux)
\openout1 = `main.aux'.

LaTeX Font Info:    Checking defaults for OML/cmm/m/it on input line 15.
LaTeX Font Info:    ... okay on input line 15.
LaTeX Font Info:    Checking defaults for OMS/cmsy/m/n on input line 15.
LaTeX Font Info:    ... okay on input line 15.
LaTeX Font Info:    Checking defaults for OT1/cmr/m/n on input line 15.
LaTeX Font Info:    ... okay on input line 15.
LaTeX Font Info:    Checking defaults for T1/cmr/m/n on input line 15.
LaTeX Font Info:    ... okay on input line 15.
LaTeX Font Info:    Checking defaults for TS1/cmr/m/n on input line 15.
LaTeX Font Info:    ... okay on input line 15.
LaTeX Font Info:    Checking defaults for OMX/cmex/m/n on input line 15.
LaTeX Font Info:    ... okay on input line 15.
LaTeX Font Info:    Checking defaults for U/cmr/m/n on input line 15.
LaTeX Font Info:    ... okay on input line 15.
LaTeX Font Info:    Checking defaults for PD1/pdf/m/n on input line 15.
LaTeX Font Info:    ... okay on input line 15.

*geometry* driver: auto-detecting
*geometry* detected driver: pdftex
*geometry* verbose mode - [ preamble ] result:
* driver: pdftex
* paper: custom
* layout: <same size as paper>
* layoutoffset:(h,v)=(0.0pt,0.0pt)
* modes: includehead includefoot 
* h-part:(L,W,R)=(10.95003pt, 342.2953pt, 10.95003pt)
* v-part:(T,H,B)=(0.0pt, 273.14662pt, 0.0pt)
* \paperwidth=364.19536pt
* \paperheight=273.14662pt
* \textwidth=342.2953pt
* \textheight=244.6939pt
* \oddsidemargin=-61.31996pt
* \evensidemargin=-61.31996pt
* \topmargin=-72.26999pt
* \headheight=14.22636pt
* \headsep=0.0pt
* \topskip=11.0pt
* \footskip=14.22636pt
* \marginparwidth=4.0pt
* \marginparsep=10.0pt
* \columnsep=10.0pt
* \skip\footins=10.0pt plus 4.0pt minus 2.0pt
* \hoffset=0.0pt
* \voffset=0.0pt
* \mag=1000
* \@twocolumnfalse
* \@twosidefalse
* \@mparswitchfalse
* \@reversemarginfalse
* (1in=72.27pt=25.4mm, 1cm=28.453pt)

(d:/Software/texlive/texmf-dist/tex/context/base/mkii/supp-pdf.mkii
[Loading MPS to PDF converter (version 2006.09.02).]
\scratchcounter=\count437
\scratchdimen=\dimen277
\scratchbox=\box74
\nofMPsegments=\count438
\nofMParguments=\count439
\everyMPshowfont=\toks44
\MPscratchCnt=\count440
\MPscratchDim=\dimen278
\MPnumerator=\count441
\makeMPintoPDFobject=\count442
\everyMPtoPDFconversion=\toks45
) (d:/Software/texlive/texmf-dist/tex/latex/epstopdf-pkg/epstopdf-base.sty
Package: epstopdf-base 2020-01-24 v2.11 Base part for package epstopdf

(d:/Software/texlive/texmf-dist/tex/latex/grfext/grfext.sty
Package: grfext 2019/12/03 v1.3 Manage graphics extensions (HO)
)
Package epstopdf-base Info: Redefining graphics rule for `.eps' on input line 4
85.
Package grfext Info: Graphics extension search list:
(grfext)             [.pdf,.png,.jpg,.mps,.jpeg,.jbig2,.jb2,.PDF,.PNG,.JPG,.JPE
G,.JBIG2,.JB2,.eps]
(grfext)             \AppendGraphicsExtensions on input line 504.

(d:/Software/texlive/texmf-dist/tex/latex/latexconfig/epstopdf-sys.cfg
File: epstopdf-sys.cfg 2010/07/13 v1.3 Configuration of (r)epstopdf for TeX Liv
e
))
ABD: EveryShipout initializing macros
\AtBeginShipoutBox=\box75
Package hyperref Info: Link coloring OFF on input line 15.

(d:/Software/texlive/texmf-dist/tex/latex/hyperref/nameref.sty
Package: nameref 2019/09/16 v2.46 Cross-referencing by name of section

(d:/Software/texlive/texmf-dist/tex/latex/refcount/refcount.sty
Package: refcount 2019/12/15 v3.6 Data extraction from label references (HO)
)
(d:/Software/texlive/texmf-dist/tex/generic/gettitlestring/gettitlestring.sty
Package: gettitlestring 2019/12/15 v1.6 Cleanup title references (HO)
)
\c@section@level=\count443
)
LaTeX Info: Redefining \ref on input line 15.
LaTeX Info: Redefining \pageref on input line 15.
LaTeX Info: Redefining \nameref on input line 15.
(./main.out) (./main.out)
\@outlinefile=\write6
\openout6 = `main.out'.

LaTeX Font Info:    Overwriting symbol font `operators' in version `normal'
(Font)                  OT1/cmr/m/n --> OT1/cmss/m/n on input line 15.
LaTeX Font Info:    Overwriting symbol font `operators' in version `bold'
(Font)                  OT1/cmr/bx/n --> OT1/cmss/b/n on input line 15.
\symnumbers=\mathgroup6
\sympureletters=\mathgroup7
LaTeX Font Info:    Overwriting math alphabet `\mathrm' in version `normal'
(Font)                  OT1/cmss/m/n --> OT1/cmr/m/n on input line 15.
LaTeX Font Info:    Redeclaring math alphabet \mathbf on input line 15.
LaTeX Font Info:    Overwriting math alphabet `\mathbf' in version `normal'
(Font)                  OT1/cmr/bx/n --> OT1/cmss/b/n on input line 15.
LaTeX Font Info:    Overwriting math alphabet `\mathbf' in version `bold'
(Font)                  OT1/cmr/bx/n --> OT1/cmss/b/n on input line 15.
LaTeX Font Info:    Redeclaring math alphabet \mathsf on input line 15.
LaTeX Font Info:    Overwriting math alphabet `\mathsf' in version `normal'
(Font)                  OT1/cmss/m/n --> OT1/cmss/m/n on input line 15.
LaTeX Font Info:    Overwriting math alphabet `\mathsf' in version `bold'
(Font)                  OT1/cmss/bx/n --> OT1/cmss/m/n on input line 15.
LaTeX Font Info:    Redeclaring math alphabet \mathit on input line 15.
LaTeX Font Info:    Overwriting math alphabet `\mathit' in version `normal'
(Font)                  OT1/cmr/m/it --> OT1/cmss/m/it on input line 15.
LaTeX Font Info:    Overwriting math alphabet `\mathit' in version `bold'
(Font)                  OT1/cmr/bx/it --> OT1/cmss/m/it on input line 15.
LaTeX Font Info:    Redeclaring math alphabet \mathtt on input line 15.
LaTeX Font Info:    Overwriting math alphabet `\mathtt' in version `normal'
(Font)                  OT1/cmtt/m/n --> OT1/cmtt/m/n on input line 15.
LaTeX Font Info:    Overwriting math alphabet `\mathtt' in version `bold'
(Font)                  OT1/cmtt/m/n --> OT1/cmtt/m/n on input line 15.
LaTeX Font Info:    Overwriting symbol font `numbers' in version `bold'
(Font)                  OT1/cmss/m/n --> OT1/cmss/b/n on input line 15.
LaTeX Font Info:    Overwriting symbol font `pureletters' in version `bold'
(Font)                  OT1/cmss/m/it --> OT1/cmss/b/it on input line 15.
LaTeX Font Info:    Overwriting math alphabet `\mathrm' in version `bold'
(Font)                  OT1/cmss/b/n --> OT1/cmr/b/n on input line 15.
LaTeX Font Info:    Overwriting math alphabet `\mathbf' in version `bold'
(Font)                  OT1/cmss/b/n --> OT1/cmss/b/n on input line 15.
LaTeX Font Info:    Overwriting math alphabet `\mathsf' in version `bold'
(Font)                  OT1/cmss/m/n --> OT1/cmss/b/n on input line 15.
LaTeX Font Info:    Overwriting math alphabet `\mathit' in version `bold'
(Font)                  OT1/cmss/m/it --> OT1/cmss/b/it on input line 15.
LaTeX Font Info:    Overwriting math alphabet `\mathtt' in version `bold'
(Font)                  OT1/cmtt/m/n --> OT1/cmtt/b/n on input line 15.
LaTeX Font Info:    Redeclaring symbol font `pureletters' on input line 15.
LaTeX Font Info:    Overwriting symbol font `pureletters' in version `normal'
(Font)                  OT1/cmss/m/it --> OT1/mathkerncmss/m/sl on input line 1
5.
LaTeX Font Info:    Overwriting symbol font `pureletters' in version `bold'
(Font)                  OT1/cmss/b/it --> OT1/mathkerncmss/m/sl on input line 1
5.
LaTeX Font Info:    Overwriting symbol font `pureletters' in version `bold'
(Font)                  OT1/mathkerncmss/m/sl --> OT1/mathkerncmss/bx/sl on inp
ut line 15.

(d:/Software/texlive/texmf-dist/tex/latex/translator/translator-basic-dictionar
y-English.dict
Dictionary: translator-basic-dictionary, Language: English 
)
(d:/Software/texlive/texmf-dist/tex/latex/translator/translator-bibliography-di
ctionary-English.dict
Dictionary: translator-bibliography-dictionary, Language: English 
)
(d:/Software/texlive/texmf-dist/tex/latex/translator/translator-environment-dic
tionary-English.dict
Dictionary: translator-environment-dictionary, Language: English 
)
(d:/Software/texlive/texmf-dist/tex/latex/translator/translator-months-dictiona
ry-English.dict
Dictionary: translator-months-dictionary, Language: English 
)
(d:/Software/texlive/texmf-dist/tex/latex/translator/translator-numbers-diction
ary-English.dict
Dictionary: translator-numbers-dictionary, Language: English 
)
(d:/Software/texlive/texmf-dist/tex/latex/translator/translator-theorem-diction
ary-English.dict
Dictionary: translator-theorem-dictionary, Language: English 
)
Package biblatex Info: Trying to load language 'english'...
Package biblatex Info: ... file 'english.lbx' found.

(d:/Software/texlive/texmf-dist/tex/latex/biblatex/lbx/english.lbx
File: english.lbx 2019/12/01 v3.14 biblatex localization (PK/MW)
)
Package biblatex Info: Input encoding 'utf8' detected.
Package biblatex Info: Automatic encoding selection.
(biblatex)             Assuming data encoding 'utf8'.
Package biblatex Info: Input encoding 'utf8' specified.
Package biblatex Info: Data encoding 'utf8' specified.
(biblatex)             No need to reencode data.
\openout5 = `main-blx.bib'.

Package biblatex Info: Trying to load bibliographic data...
Package biblatex Info: ... file 'main.bbl' found.
 (./main.bbl)
Package biblatex Info: Reference section=0 on input line 15.
Package biblatex Info: Reference segment=0 on input line 15.
 (./main.nav) [1

{d:/Software/texlive/texmf-var/fonts/map/pdftex/updmap/pdftex.map}] (./main.toc
) [2

]
<images/EFI_NET_paper.png, id=86, 511.41063pt x 114.4275pt>
File: images/EFI_NET_paper.png Graphic file (type png)
<use images/EFI_NET_paper.png>
Package pdftex.def Info: images/EFI_NET_paper.png  used on input line 30.
(pdftex.def)             Requested size: 325.17949pt x 72.75842pt.
 [3

 <./images/EFI_NET_paper.png (PNG copy)>]
LaTeX Font Info:    Trying to load font information for U+msa on input line 60.


(d:/Software/texlive/texmf-dist/tex/latex/amsfonts/umsa.fd
File: umsa.fd 2013/01/14 v3.01 AMS symbols A
)
LaTeX Font Info:    Trying to load font information for U+msb on input line 60.


(d:/Software/texlive/texmf-dist/tex/latex/amsfonts/umsb.fd
File: umsb.fd 2013/01/14 v3.01 AMS symbols B
)
LaTeX Font Info:    Trying to load font information for OT1+mathkerncmss on inp
ut line 60.

(d:/Software/texlive/texmf-dist/tex/latex/sansmathaccent/ot1mathkerncmss.fd
File: ot1mathkerncmss.fd 2020/01/31 Fontinst v1.933 font definitions for OT1/ma
thkerncmss.
)
<images/occlusion.png, id=115, 458.84175pt x 145.51007pt>
File: images/occlusion.png Graphic file (type png)
<use images/occlusion.png>
Package pdftex.def Info: images/occlusion.png  used on input line 60.
(pdftex.def)             Requested size: 308.06367pt x 97.69994pt.

[4

 <./images/occlusion.png>]
<images/DSM.png, id=148, 435.64154pt x 215.29385pt>
File: images/DSM.png Graphic file (type png)
<use images/DSM.png>
Package pdftex.def Info: images/DSM.png  used on input line 60.
(pdftex.def)             Requested size: 273.83728pt x 135.3336pt.
 [5

 <./images/DSM.png>]
<images/Event_camera_comparison.jpg, id=175, 994.54129pt x 376.59964pt>
File: images/Event_camera_comparison.jpg Graphic file (type jpg)
<use images/Event_camera_comparison.jpg>
Package pdftex.def Info: images/Event_camera_comparison.jpg  used on input line
 60.
(pdftex.def)             Requested size: 290.9531pt x 110.17075pt.
 [6

 <./images/Event_camera_comparison.jpg>]
<images/EFI_NET_architecture.png, id=203, 666.99188pt x 336.75812pt>
File: images/EFI_NET_architecture.png Graphic file (type png)
<use images/EFI_NET_architecture.png>
Package pdftex.def Info: images/EFI_NET_architecture.png  used on input line 11
6.
(pdftex.def)             Requested size: 308.06367pt x 155.54265pt.
 [7

 <./images/EFI_NET_architecture.png (PNG copy)>]
File: images/EFI_NET_architecture.png Graphic file (type png)
<use images/EFI_NET_architecture.png>
Package pdftex.def Info: images/EFI_NET_architecture.png  used on input line 11
6.
(pdftex.def)             Requested size: 308.06367pt x 155.54265pt.
 [8

]
File: images/EFI_NET_architecture.png Graphic file (type png)
<use images/EFI_NET_architecture.png>
Package pdftex.def Info: images/EFI_NET_architecture.png  used on input line 11
6.
(pdftex.def)             Requested size: 308.06367pt x 155.54265pt.
 [9

]
File: images/EFI_NET_architecture.png Graphic file (type png)
<use images/EFI_NET_architecture.png>
Package pdftex.def Info: images/EFI_NET_architecture.png  used on input line 11
6.
(pdftex.def)             Requested size: 308.06367pt x 155.54265pt.

[10

] [11

] [12

]
<images/EFI_NET_SETUP.jpg, id=376, 201.36925pt x 181.63434pt>
File: images/EFI_NET_SETUP.jpg Graphic file (type jpg)
<use images/EFI_NET_SETUP.jpg>
Package pdftex.def Info: images/EFI_NET_SETUP.jpg  used on input line 177.
(pdftex.def)             Requested size: 80.0988pt x 72.24779pt.
<images/scene_dataset.png, id=377, 318.18875pt x 132.99687pt>
File: images/scene_dataset.png Graphic file (type png)
<use images/scene_dataset.png>
Package pdftex.def Info: images/scene_dataset.png  used on input line 177.
(pdftex.def)             Requested size: 160.19762pt x 66.95892pt.
 [13

 <./images/EFI_NET_SETUP.jpg> <./images/scene_dataset.png (PNG copy)>]
<images/EFI_NET_quatitative_results_one.png, id=405, 500.36937pt x 76.285pt>
File: images/EFI_NET_quatitative_results_one.png Graphic file (type png)
<use images/EFI_NET_quatitative_results_one.png>
Package pdftex.def Info: images/EFI_NET_quatitative_results_one.png  used on in
put line 177.
(pdftex.def)             Requested size: 313.98596pt x 47.87122pt.
<images/EFI_NET_quatitative_results_two.png, id=406, 531.9875pt x 69.76062pt>
File: images/EFI_NET_quatitative_results_two.png Graphic file (type png)
<use images/EFI_NET_quatitative_results_two.png>
Package pdftex.def Info: images/EFI_NET_quatitative_results_two.png  used on in
put line 177.
(pdftex.def)             Requested size: 313.98596pt x 41.17436pt.
 [14

 <./images/EFI_NET_quatitative_results_one.png (PNG copy)> <./images/EFI_NET_qu
atitative_results_two.png (PNG copy)>]
<images/EFI_NET_qualitative_results_one.png, id=433, 494.34688pt x 225.84375pt>

File: images/EFI_NET_qualitative_results_one.png Graphic file (type png)
<use images/EFI_NET_qualitative_results_one.png>
Package pdftex.def Info: images/EFI_NET_qualitative_results_one.png  used on in
put line 177.
(pdftex.def)             Requested size: 325.17949pt x 148.55763pt.
 [15

 <./images/EFI_NET_qualitative_results_one.png (PNG copy)>]
<images/EFI_NET_qualitative_results_two.png, id=459, 488.32437pt x 311.1625pt>
File: images/EFI_NET_qualitative_results_two.png Graphic file (type png)
<use images/EFI_NET_qualitative_results_two.png>
Package pdftex.def Info: images/EFI_NET_qualitative_results_two.png  used on in
put line 177.
(pdftex.def)             Requested size: 325.17949pt x 207.21008pt.
 [16

 <./images/EFI_NET_qualitative_results_two.png (PNG copy)>]
File: images/EFI_NET_architecture.png Graphic file (type png)
<use images/EFI_NET_architecture.png>
Package pdftex.def Info: images/EFI_NET_architecture.png  used on input line 18
8.
(pdftex.def)             Requested size: 290.9531pt x 146.89967pt.

Overfull \vbox (0.89322pt too high) detected at line 188
 []

[17

]
<images/Time_Lens_paper.png, id=512, 571.63562pt x 109.91063pt>
File: images/Time_Lens_paper.png Graphic file (type png)
<use images/Time_Lens_paper.png>
Package pdftex.def Info: images/Time_Lens_paper.png  used on input line 195.
(pdftex.def)             Requested size: 325.17949pt x 62.52391pt.
 [18

 <./images/Time_Lens_paper.png (PNG copy)>]
<images/warping_based_vs_event_based.png, id=539, 283.0575pt x 153.07187pt>
File: images/warping_based_vs_event_based.png Graphic file (type png)
<use images/warping_based_vs_event_based.png>
Package pdftex.def Info: images/warping_based_vs_event_based.png  used on input
 line 206.
(pdftex.def)             Requested size: 224.2757pt x 121.28748pt.
 [19

 <./images/warping_based_vs_event_based.png (PNG copy)>]
File: images/warping_based_vs_event_based.png Graphic file (type png)
<use images/warping_based_vs_event_based.png>
Package pdftex.def Info: images/warping_based_vs_event_based.png  used on input
 line 206.
(pdftex.def)             Requested size: 224.2757pt x 121.28748pt.
 [20

]
<images/problem formulation.png, id=594, 311.1625pt x 83.81313pt>
File: images/problem formulation.png Graphic file (type png)
<use images/problem formulation.png>
Package pdftex.def Info: images/problem formulation.png  used on input line 214
.
(pdftex.def)             Requested size: 273.83728pt x 73.75958pt.
 [21

 <./images/problem formulation.png (PNG copy)>]
<images/Time_lens_workflow.png, id=621, 382.93062pt x 113.92563pt>
File: images/Time_lens_workflow.png Graphic file (type png)
<use images/Time_lens_workflow.png>
Package pdftex.def Info: images/Time_lens_workflow.png  used on input line 305.

(pdftex.def)             Requested size: 273.83728pt x 81.47357pt.
 [22

 <./images/Time_lens_workflow.png (PNG copy)>]
<images/Warping-based interpolation.png, id=650, 291.0875pt x 97.36375pt>
File: images/Warping-based interpolation.png Graphic file (type png)
<use images/Warping-based interpolation.png>
Package pdftex.def Info: images/Warping-based interpolation.png  used on input 
line 305.
(pdftex.def)             Requested size: 205.37926pt x 68.69641pt.
<images/voxelization.png, id=651, 385.94188pt x 93.34875pt>
File: images/voxelization.png Graphic file (type png)
<use images/voxelization.png>
Package pdftex.def Info: images/voxelization.png  used on input line 305.
(pdftex.def)             Requested size: 192.23909pt x 46.49762pt.
 [23

 <./images/Warping-based interpolation.png (PNG copy)> <./images/voxelization.p
ng (PNG copy)>]
File: images/Warping-based interpolation.png Graphic file (type png)
<use images/Warping-based interpolation.png>
Package pdftex.def Info: images/Warping-based interpolation.png  used on input 
line 305.
(pdftex.def)             Requested size: 205.37926pt x 68.69641pt.

[24

]
File: images/Time_lens_workflow.png Graphic file (type png)
<use images/Time_lens_workflow.png>
Package pdftex.def Info: images/Time_lens_workflow.png  used on input line 305.

(pdftex.def)             Requested size: 273.83728pt x 81.47357pt.
 [25

]
<images/Interpolation by synthesis.png, id=732, 290.08376pt x 115.93312pt>
File: images/Interpolation by synthesis.png Graphic file (type png)
<use images/Interpolation by synthesis.png>
Package pdftex.def Info: images/Interpolation by synthesis.png  used on input l
ine 305.
(pdftex.def)             Requested size: 205.37926pt x 82.08134pt.
 [26

 <./images/Interpolation by synthesis.png (PNG copy)>]
File: images/Time_lens_workflow.png Graphic file (type png)
<use images/Time_lens_workflow.png>
Package pdftex.def Info: images/Time_lens_workflow.png  used on input line 305.

(pdftex.def)             Requested size: 273.83728pt x 81.47357pt.
 [27

]
<images/Warping refinement.png, id=785, 292.59312pt x 110.91437pt>
File: images/Warping refinement.png Graphic file (type png)
<use images/Warping refinement.png>
Package pdftex.def Info: images/Warping refinement.png  used on input line 305.

(pdftex.def)             Requested size: 205.37926pt x 77.85614pt.

[28

 <./images/Warping refinement.png (PNG copy)>]
File: images/Time_lens_workflow.png Graphic file (type png)
<use images/Time_lens_workflow.png>
Package pdftex.def Info: images/Time_lens_workflow.png  used on input line 305.

(pdftex.def)             Requested size: 273.83728pt x 81.47357pt.
 [29

]
<images/attention averaging.png, id=838, 348.30125pt x 206.27063pt>
File: images/attention averaging.png Graphic file (type png)
<use images/attention averaging.png>
Package pdftex.def Info: images/attention averaging.png  used on input line 305
.
(pdftex.def)             Requested size: 222.48985pt x 131.76094pt.
 [30

 <./images/attention averaging.png (PNG copy)>]
<images/vimeo90k.png, id=864, 401.5pt x 114.4275pt>
File: images/vimeo90k.png Graphic file (type png)
<use images/vimeo90k.png>
Package pdftex.def Info: images/vimeo90k.png  used on input line 325.
(pdftex.def)             Requested size: 224.2757pt x 63.92006pt.
 [31

 <./images/vimeo90k.png (PNG copy)>]
File: images/Time_lens_workflow.png Graphic file (type png)
<use images/Time_lens_workflow.png>
Package pdftex.def Info: images/Time_lens_workflow.png  used on input line 325.

(pdftex.def)             Requested size: 224.2757pt x 66.72531pt.
 [32

]
[33

]
<images/camera.png, id=946, 198.7425pt x 86.82437pt>
File: images/camera.png Graphic file (type png)
<use images/camera.png>
Package pdftex.def Info: images/camera.png  used on input line 339.
(pdftex.def)             Requested size: 171.14764pt x 74.77083pt.
 [34

 <./images/camera.png (PNG copy)>]
<images/Time_lens_quatitative_results_one.png, id=972, 542.025pt x 315.67938pt>

File: images/Time_lens_quatitative_results_one.png Graphic file (type png)
<use images/Time_lens_quatitative_results_one.png>
Package pdftex.def Info: images/Time_lens_quatitative_results_one.png  used on 
input line 380.
(pdftex.def)             Requested size: 304.3745pt x 177.27538pt.

Overfull \vbox (2.99808pt too high) detected at line 380
 []

[35

 <./images/Time_lens_quatitative_results_one.png (PNG copy)>]
<images/Time_lens_quatitative_results_two.png, id=1001, 576.1525pt x 139.52126p
t>
File: images/Time_lens_quatitative_results_two.png Graphic file (type png)
<use images/Time_lens_quatitative_results_two.png>
Package pdftex.def Info: images/Time_lens_quatitative_results_two.png  used on 
input line 380.
(pdftex.def)             Requested size: 304.3745pt x 73.7096pt.
 [36

 <./images/Time_lens_quatitative_results_two.png (PNG copy)>]
<images/Time_lens_quatitative_results_three.png, id=1029, 576.1525pt x 206.7725
pt>
File: images/Time_lens_quatitative_results_three.png Graphic file (type png)
<use images/Time_lens_quatitative_results_three.png>
Package pdftex.def Info: images/Time_lens_quatitative_results_three.png  used o
n input line 380.
(pdftex.def)             Requested size: 304.3745pt x 109.23868pt.
 [37

 <./images/Time_lens_quatitative_results_three.png (PNG copy)>]
<images/Time_Lens_qualitative_results_one.png, id=1056, 576.65437pt x 220.825pt
>
File: images/Time_Lens_qualitative_results_one.png Graphic file (type png)
<use images/Time_Lens_qualitative_results_one.png>
Package pdftex.def Info: images/Time_Lens_qualitative_results_one.png  used on 
input line 380.
(pdftex.def)             Requested size: 325.17949pt x 124.53047pt.
 [38

 <./images/Time_Lens_qualitative_results_one.png (PNG copy)>]
<images/Time_Lens_conclusion.png, id=1082, 565.11125pt x 106.3975pt>
File: images/Time_Lens_conclusion.png Graphic file (type png)
<use images/Time_Lens_conclusion.png>
Package pdftex.def Info: images/Time_Lens_conclusion.png  used on input line 39
0.
(pdftex.def)             Requested size: 290.9531pt x 54.77989pt.
 [39

 <./images/Time_Lens_conclusion.png (PNG copy)>]
[40

]
\tf@nav=\write7
\openout7 = `main.nav'.

\tf@toc=\write8
\openout8 = `main.toc'.

\tf@snm=\write9
\openout9 = `main.snm'.

Package atveryend Info: Empty hook `BeforeClearDocument' on input line 397.
Package atveryend Info: Empty hook `AfterLastShipout' on input line 397.
 (./main.aux)
Package atveryend Info: Executing hook `AtVeryEndDocument' on input line 397.
Package atveryend Info: Executing hook `AtEndAfterFileList' on input line 397.
Package rerunfilecheck Info: File `main.out' has not changed.
(rerunfilecheck)             Checksum: 14636F8A8D24AFA2CCAEE6C5D3CEEDEF;203.
Package logreq Info: Writing requests to 'main.run.xml'.
\openout1 = `main.run.xml'.

 ) 
Here is how much of TeX's memory you used:
 25004 strings out of 480608
 486804 string characters out of 5905572
 927950 words of memory out of 5000000
 40272 multiletter control sequences out of 15000+600000
 546565 words of font info for 74 fonts, out of 8000000 for 9000
 1141 hyphenation exceptions out of 8191
 58i,15n,67p,790b,1750s stack positions out of 5000i,500n,10000p,200000b,80000s
<d:/Software/texlive/texmf-dist/fonts/type1/public/amsfonts/cm/cmex10.pfb><d:
/Software/texlive/texmf-dist/fonts/type1/public/amsfonts/cm/cmmi10.pfb><d:/Soft
ware/texlive/texmf-dist/fonts/type1/public/amsfonts/cm/cmmi8.pfb><d:/Software/t
exlive/texmf-dist/fonts/type1/public/amsfonts/cm/cmmi9.pfb><d:/Software/texlive
/texmf-dist/fonts/type1/public/amsfonts/cm/cmss10.pfb><d:/Software/texlive/texm
f-dist/fonts/type1/public/amsfonts/cm/cmss12.pfb><d:/Software/texlive/texmf-dis
t/fonts/type1/public/amsfonts/cm/cmss8.pfb><d:/Software/texlive/texmf-dist/font
s/type1/public/amsfonts/cm/cmss9.pfb><d:/Software/texlive/texmf-dist/fonts/type
1/public/amsfonts/cm/cmssi10.pfb><d:/Software/texlive/texmf-dist/fonts/type1/pu
blic/amsfonts/cm/cmssi12.pfb><d:/Software/texlive/texmf-dist/fonts/type1/public
/amsfonts/cm/cmssi17.pfb><d:/Software/texlive/texmf-dist/fonts/type1/public/ams
fonts/cm/cmssi8.pfb><d:/Software/texlive/texmf-dist/fonts/type1/public/amsfonts
/cm/cmsy10.pfb><d:/Software/texlive/texmf-dist/fonts/type1/public/amsfonts/cm/c
msy6.pfb><d:/Software/texlive/texmf-dist/fonts/type1/public/amsfonts/cm/cmsy8.p
fb><d:/Software/texlive/texmf-dist/fonts/type1/public/amsfonts/cm/cmsy9.pfb><d:
/Software/texlive/texmf-dist/fonts/type1/public/amsfonts/symbols/msam7.pfb>
Output written on main.pdf (40 pages, 6532254 bytes).
PDF statistics:
 1214 PDF objects out of 1440 (max. 8388607)
 1105 compressed objects within 12 object streams
 83 named destinations out of 1000 (max. 500000)
 206 words of extra memory for PDF output out of 10000 (max. 10000000)

